2017-10-31 10:47:09.001  INFO 10336 --- [main] com.springboot.Application               : Starting Application on DESKTOP-MD077EE with PID 10336 (C:\Users\codergaoming\workspace\droolslearn\target\classes started by codergaoming in C:\Users\codergaoming\workspace\droolslearn)
2017-10-31 10:47:09.005  INFO 10336 --- [main] com.springboot.Application               : No profiles are active
2017-10-31 10:47:09.551  INFO 10336 --- [main] ationConfigEmbeddedWebApplicationContext : Refreshing org.springframework.boot.context.embedded.AnnotationConfigEmbeddedWebApplicationContext@64d2d351: startup date [Tue Oct 31 10:47:09 CST 2017]; root of context hierarchy
2017-10-31 10:47:10.863  INFO 10336 --- [main] o.s.b.f.s.DefaultListableBeanFactory     : Overriding bean definition for bean 'beanNameViewResolver' with a different definition: replacing [Root bean: class [null]; scope=; abstract=false; lazyInit=false; autowireMode=3; dependencyCheck=0; autowireCandidate=true; primary=false; factoryBeanName=org.springframework.boot.autoconfigure.web.ErrorMvcAutoConfiguration$WhitelabelErrorViewConfiguration; factoryMethodName=beanNameViewResolver; initMethodName=null; destroyMethodName=(inferred); defined in class path resource [org/springframework/boot/autoconfigure/web/ErrorMvcAutoConfiguration$WhitelabelErrorViewConfiguration.class]] with [Root bean: class [null]; scope=; abstract=false; lazyInit=false; autowireMode=3; dependencyCheck=0; autowireCandidate=true; primary=false; factoryBeanName=org.springframework.boot.autoconfigure.web.WebMvcAutoConfiguration$WebMvcAutoConfigurationAdapter; factoryMethodName=beanNameViewResolver; initMethodName=null; destroyMethodName=(inferred); defined in class path resource [org/springframework/boot/autoconfigure/web/WebMvcAutoConfiguration$WebMvcAutoConfigurationAdapter.class]]
2017-10-31 10:47:11.334  INFO 10336 --- [main] f.a.AutowiredAnnotationBeanPostProcessor : JSR-330 'javax.inject.Inject' annotation found and supported for autowiring
2017-10-31 10:47:11.491  INFO 10336 --- [main] trationDelegate$BeanPostProcessorChecker : Bean 'org.springframework.transaction.annotation.ProxyTransactionManagementConfiguration' of type [class org.springframework.transaction.annotation.ProxyTransactionManagementConfiguration$$EnhancerBySpringCGLIB$$b9e0ba5a] is not eligible for getting processed by all BeanPostProcessors (for example: not eligible for auto-proxying)
2017-10-31 10:47:12.128  INFO 10336 --- [main] s.b.c.e.t.TomcatEmbeddedServletContainer : Tomcat initialized with port(s): 8088 (http)
2017-10-31 10:47:12.141  INFO 10336 --- [main] o.apache.catalina.core.StandardService   : Starting service Tomcat
2017-10-31 10:47:12.142  INFO 10336 --- [main] org.apache.catalina.core.StandardEngine  : Starting Servlet Engine: Apache Tomcat/8.0.28
2017-10-31 10:47:12.294  INFO 10336 --- [localhost-startStop-1] o.a.c.c.C.[Tomcat].[localhost].[/]       : Initializing Spring embedded WebApplicationContext
2017-10-31 10:47:12.295  INFO 10336 --- [localhost-startStop-1] o.s.web.context.ContextLoader            : Root WebApplicationContext: initialization completed in 2748 ms
2017-10-31 10:47:12.801  INFO 10336 --- [localhost-startStop-1] o.s.b.c.e.ServletRegistrationBean        : Mapping servlet: 'dispatcherServlet' to [/]
2017-10-31 10:47:12.805  INFO 10336 --- [localhost-startStop-1] o.s.b.c.embedded.FilterRegistrationBean  : Mapping filter: 'metricFilter' to: [/*]
2017-10-31 10:47:12.806  INFO 10336 --- [localhost-startStop-1] o.s.b.c.embedded.FilterRegistrationBean  : Mapping filter: 'characterEncodingFilter' to: [/*]
2017-10-31 10:47:12.807  INFO 10336 --- [localhost-startStop-1] o.s.b.c.embedded.FilterRegistrationBean  : Mapping filter: 'hiddenHttpMethodFilter' to: [/*]
2017-10-31 10:47:12.807  INFO 10336 --- [localhost-startStop-1] o.s.b.c.embedded.FilterRegistrationBean  : Mapping filter: 'httpPutFormContentFilter' to: [/*]
2017-10-31 10:47:12.807  INFO 10336 --- [localhost-startStop-1] o.s.b.c.embedded.FilterRegistrationBean  : Mapping filter: 'requestContextFilter' to: [/*]
2017-10-31 10:47:12.808  INFO 10336 --- [localhost-startStop-1] o.s.b.c.embedded.FilterRegistrationBean  : Mapping filter: 'webRequestLoggingFilter' to: [/*]
2017-10-31 10:47:12.808  INFO 10336 --- [localhost-startStop-1] o.s.b.c.embedded.FilterRegistrationBean  : Mapping filter: 'applicationContextIdFilter' to: [/*]
2017-10-31 10:47:13.489  INFO 10336 --- [main] s.w.s.m.m.a.RequestMappingHandlerAdapter : Looking for @ControllerAdvice: org.springframework.boot.context.embedded.AnnotationConfigEmbeddedWebApplicationContext@64d2d351: startup date [Tue Oct 31 10:47:09 CST 2017]; root of context hierarchy
2017-10-31 10:47:13.611  INFO 10336 --- [main] s.w.s.m.m.a.RequestMappingHandlerMapping : Mapped "{[/],methods=[GET]}" onto public java.lang.String com.springboot.web.UserinfoController.home()
2017-10-31 10:47:13.623  INFO 10336 --- [main] s.w.s.m.m.a.RequestMappingHandlerMapping : Mapped "{[/getUserinfo],methods=[POST]}" onto java.util.List<com.springboot.entity.Userinfo> com.springboot.web.UserinfoController.getAllUsers() throws java.io.IOException
2017-10-31 10:47:13.629  INFO 10336 --- [main] s.w.s.m.m.a.RequestMappingHandlerMapping : Mapped "{[/error]}" onto public org.springframework.http.ResponseEntity<java.util.Map<java.lang.String, java.lang.Object>> org.springframework.boot.autoconfigure.web.BasicErrorController.error(javax.servlet.http.HttpServletRequest)
2017-10-31 10:47:13.630  INFO 10336 --- [main] s.w.s.m.m.a.RequestMappingHandlerMapping : Mapped "{[/error],produces=[text/html]}" onto public org.springframework.web.servlet.ModelAndView org.springframework.boot.autoconfigure.web.BasicErrorController.errorHtml(javax.servlet.http.HttpServletRequest)
2017-10-31 10:47:13.722  INFO 10336 --- [main] o.s.w.s.handler.SimpleUrlHandlerMapping  : Mapped URL path [/webjars/**] onto handler of type [class org.springframework.web.servlet.resource.ResourceHttpRequestHandler]
2017-10-31 10:47:13.722  INFO 10336 --- [main] o.s.w.s.handler.SimpleUrlHandlerMapping  : Mapped URL path [/**] onto handler of type [class org.springframework.web.servlet.resource.ResourceHttpRequestHandler]
2017-10-31 10:47:13.819  INFO 10336 --- [main] o.s.w.s.handler.SimpleUrlHandlerMapping  : Mapped URL path [/**/favicon.ico] onto handler of type [class org.springframework.web.servlet.resource.ResourceHttpRequestHandler]
2017-10-31 10:47:14.947  INFO 10336 --- [main] o.s.b.a.e.mvc.EndpointHandlerMapping     : Mapped "{[/metrics/{name:.*}],methods=[GET],produces=[application/json]}" onto public java.lang.Object org.springframework.boot.actuate.endpoint.mvc.MetricsMvcEndpoint.value(java.lang.String)
2017-10-31 10:47:14.947  INFO 10336 --- [main] o.s.b.a.e.mvc.EndpointHandlerMapping     : Mapped "{[/metrics || /metrics.json],methods=[GET],produces=[application/json]}" onto public java.lang.Object org.springframework.boot.actuate.endpoint.mvc.EndpointMvcAdapter.invoke()
2017-10-31 10:47:14.948  INFO 10336 --- [main] o.s.b.a.e.mvc.EndpointHandlerMapping     : Mapped "{[/trace || /trace.json],methods=[GET],produces=[application/json]}" onto public java.lang.Object org.springframework.boot.actuate.endpoint.mvc.EndpointMvcAdapter.invoke()
2017-10-31 10:47:14.949  INFO 10336 --- [main] o.s.b.a.e.mvc.EndpointHandlerMapping     : Mapped "{[/dump || /dump.json],methods=[GET],produces=[application/json]}" onto public java.lang.Object org.springframework.boot.actuate.endpoint.mvc.EndpointMvcAdapter.invoke()
2017-10-31 10:47:14.949  INFO 10336 --- [main] o.s.b.a.e.mvc.EndpointHandlerMapping     : Mapped "{[/info || /info.json],methods=[GET],produces=[application/json]}" onto public java.lang.Object org.springframework.boot.actuate.endpoint.mvc.EndpointMvcAdapter.invoke()
2017-10-31 10:47:14.952  INFO 10336 --- [main] o.s.b.a.e.mvc.EndpointHandlerMapping     : Mapped "{[/configprops || /configprops.json],methods=[GET],produces=[application/json]}" onto public java.lang.Object org.springframework.boot.actuate.endpoint.mvc.EndpointMvcAdapter.invoke()
2017-10-31 10:47:14.952  INFO 10336 --- [main] o.s.b.a.e.mvc.EndpointHandlerMapping     : Mapped "{[/beans || /beans.json],methods=[GET],produces=[application/json]}" onto public java.lang.Object org.springframework.boot.actuate.endpoint.mvc.EndpointMvcAdapter.invoke()
2017-10-31 10:47:14.953  INFO 10336 --- [main] o.s.b.a.e.mvc.EndpointHandlerMapping     : Mapped "{[/shutdown || /shutdown.json],methods=[POST]}" onto public java.lang.Object org.springframework.boot.actuate.endpoint.mvc.ShutdownMvcEndpoint.invoke()
2017-10-31 10:47:14.954  INFO 10336 --- [main] o.s.b.a.e.mvc.EndpointHandlerMapping     : Mapped "{[/env/{name:.*}],methods=[GET],produces=[application/json]}" onto public java.lang.Object org.springframework.boot.actuate.endpoint.mvc.EnvironmentMvcEndpoint.value(java.lang.String)
2017-10-31 10:47:14.955  INFO 10336 --- [main] o.s.b.a.e.mvc.EndpointHandlerMapping     : Mapped "{[/env || /env.json],methods=[GET],produces=[application/json]}" onto public java.lang.Object org.springframework.boot.actuate.endpoint.mvc.EndpointMvcAdapter.invoke()
2017-10-31 10:47:14.955  INFO 10336 --- [main] o.s.b.a.e.mvc.EndpointHandlerMapping     : Mapped "{[/mappings || /mappings.json],methods=[GET],produces=[application/json]}" onto public java.lang.Object org.springframework.boot.actuate.endpoint.mvc.EndpointMvcAdapter.invoke()
2017-10-31 10:47:14.956  INFO 10336 --- [main] o.s.b.a.e.mvc.EndpointHandlerMapping     : Mapped "{[/logfile || /logfile.json],methods=[GET || HEAD]}" onto public void org.springframework.boot.actuate.endpoint.mvc.LogFileMvcEndpoint.invoke(javax.servlet.http.HttpServletRequest,javax.servlet.http.HttpServletResponse) throws javax.servlet.ServletException,java.io.IOException
2017-10-31 10:47:14.957  INFO 10336 --- [main] o.s.b.a.e.mvc.EndpointHandlerMapping     : Mapped "{[/health || /health.json],produces=[application/json]}" onto public java.lang.Object org.springframework.boot.actuate.endpoint.mvc.HealthMvcEndpoint.invoke(java.security.Principal)
2017-10-31 10:47:14.958  INFO 10336 --- [main] o.s.b.a.e.mvc.EndpointHandlerMapping     : Mapped "{[/autoconfig || /autoconfig.json],methods=[GET],produces=[application/json]}" onto public java.lang.Object org.springframework.boot.actuate.endpoint.mvc.EndpointMvcAdapter.invoke()
2017-10-31 10:47:15.705  INFO 10336 --- [main] o.s.j.e.a.AnnotationMBeanExporter        : Registering beans for JMX exposure on startup
2017-10-31 10:47:15.948  INFO 10336 --- [main] o.s.c.support.DefaultLifecycleProcessor  : Starting beans in phase 0
2017-10-31 10:47:16.257  INFO 10336 --- [main] s.b.c.e.t.TomcatEmbeddedServletContainer : Tomcat started on port(s): 8088 (http)
2017-10-31 10:47:16.261  INFO 10336 --- [main] com.springboot.Application               : Started Application in 7.611 seconds (JVM running for 8.088)
2017-10-31 10:47:25.266  INFO 10336 --- [http-nio-8088-exec-1] o.a.c.c.C.[Tomcat].[localhost].[/]       : Initializing Spring FrameworkServlet 'dispatcherServlet'
2017-10-31 10:47:25.266  INFO 10336 --- [http-nio-8088-exec-1] o.s.web.servlet.DispatcherServlet        : FrameworkServlet 'dispatcherServlet': initialization started
2017-10-31 10:47:25.289  INFO 10336 --- [http-nio-8088-exec-1] o.s.web.servlet.DispatcherServlet        : FrameworkServlet 'dispatcherServlet': initialization completed in 22 ms
2017-10-31 10:47:28.734  INFO 10336 --- [http-nio-8088-exec-3] o.k.a.i.utils.ServiceDiscoveryImpl       : Loading kie.conf from  
2017-10-31 10:47:28.738  INFO 10336 --- [http-nio-8088-exec-3] o.k.a.i.utils.ServiceDiscoveryImpl       : Discovered kie.conf url=jar:file:/C:/Users/codergaoming/.m2/repository/org/drools/drools-core/7.3.0.Final/drools-core-7.3.0.Final.jar!/META-INF/kie.conf 
2017-10-31 10:47:28.750  INFO 10336 --- [http-nio-8088-exec-3] o.k.a.i.utils.ServiceDiscoveryImpl       : Adding Service org.drools.core.io.impl.ResourceFactoryServiceImpl

2017-10-31 10:47:28.755  INFO 10336 --- [http-nio-8088-exec-3] o.k.a.i.utils.ServiceDiscoveryImpl       : Adding Service org.drools.core.marshalling.impl.MarshallerProviderImpl

2017-10-31 10:47:28.757  INFO 10336 --- [http-nio-8088-exec-3] o.k.a.i.utils.ServiceDiscoveryImpl       : Adding Service org.drools.core.concurrent.ExecutorProviderImpl

2017-10-31 10:47:28.758  INFO 10336 --- [http-nio-8088-exec-3] o.k.a.i.utils.ServiceDiscoveryImpl       : Loading kie.conf from  
2017-10-31 10:47:28.758  INFO 10336 --- [http-nio-8088-exec-3] o.k.a.i.utils.ServiceDiscoveryImpl       : Discovered kie.conf url=jar:file:/C:/Users/codergaoming/.m2/repository/org/kie/kie-internal/7.3.0.Final/kie-internal-7.3.0.Final.jar!/META-INF/kie.conf 
2017-10-31 10:47:28.763  INFO 10336 --- [http-nio-8088-exec-3] o.k.a.i.utils.ServiceDiscoveryImpl       : Adding Service org.kie.internal.services.KieWeaversImpl

2017-10-31 10:47:28.765  INFO 10336 --- [http-nio-8088-exec-3] o.k.a.i.utils.ServiceDiscoveryImpl       : Adding Service org.kie.internal.services.KieBeliefsImpl

2017-10-31 10:47:28.766  INFO 10336 --- [http-nio-8088-exec-3] o.k.a.i.utils.ServiceDiscoveryImpl       : Adding Service org.kie.internal.services.KieAssemblersImpl

2017-10-31 10:47:28.767  INFO 10336 --- [http-nio-8088-exec-3] o.k.a.i.utils.ServiceDiscoveryImpl       : Adding Service org.kie.internal.services.KieRuntimesImpl

2017-10-31 10:47:28.767  INFO 10336 --- [http-nio-8088-exec-3] o.k.a.i.utils.ServiceDiscoveryImpl       : Loading kie.conf from  
2017-10-31 10:47:28.769  INFO 10336 --- [http-nio-8088-exec-3] o.k.a.i.utils.ServiceDiscoveryImpl       : Discovered kie.conf url=jar:file:/C:/Users/codergaoming/.m2/repository/org/drools/drools-compiler/7.3.0.Final/drools-compiler-7.3.0.Final.jar!/META-INF/kie.conf 
2017-10-31 10:47:28.781  INFO 10336 --- [http-nio-8088-exec-3] o.k.a.i.utils.ServiceDiscoveryImpl       : Adding Service org.drools.compiler.kie.builder.impl.KieServicesImpl

2017-10-31 10:47:28.793  INFO 10336 --- [http-nio-8088-exec-3] o.k.a.i.utils.ServiceDiscoveryImpl       : Adding Service org.drools.compiler.builder.impl.KnowledgeBuilderFactoryServiceImpl

2017-10-31 10:47:28.794  INFO 10336 --- [http-nio-8088-exec-3] o.k.a.i.utils.ServiceDiscoveryImpl       : Loading kie.conf from  
2017-10-31 10:47:28.794  INFO 10336 --- [http-nio-8088-exec-3] o.k.a.i.utils.ServiceDiscoveryImpl       : Discovered kie.conf url=jar:file:/C:/Users/codergaoming/.m2/repository/org/drools/drools-decisiontables/7.3.0.Final/drools-decisiontables-7.3.0.Final.jar!/META-INF/kie.conf 
2017-10-31 10:47:28.799  INFO 10336 --- [http-nio-8088-exec-3] o.k.a.i.utils.ServiceDiscoveryImpl       : Adding Service org.drools.decisiontable.DecisionTableProviderImpl

2017-10-31 10:47:28.799  INFO 10336 --- [http-nio-8088-exec-3] o.k.a.i.utils.ServiceDiscoveryImpl       : Loading kie.conf from  
2017-10-31 10:47:28.799  INFO 10336 --- [http-nio-8088-exec-3] o.k.a.i.utils.ServiceDiscoveryImpl       : Discovered kie.conf url=jar:file:/C:/Users/codergaoming/.m2/repository/org/kie/kie-ci/7.3.0.Final/kie-ci-7.3.0.Final.jar!/META-INF/kie.conf 
2017-10-31 10:47:28.804  INFO 10336 --- [http-nio-8088-exec-3] o.k.a.i.utils.ServiceDiscoveryImpl       : Adding Service org.kie.scanner.KieScannerFactoryServiceImpl

2017-10-31 10:47:28.810  INFO 10336 --- [http-nio-8088-exec-3] o.k.a.i.utils.ServiceDiscoveryImpl       : Adding Service org.kie.scanner.MavenClassLoaderResolver

2017-10-31 10:47:28.810  INFO 10336 --- [http-nio-8088-exec-3] o.k.a.i.utils.ServiceDiscoveryImpl       : Loading kie.conf from  
2017-10-31 10:47:28.811  INFO 10336 --- [http-nio-8088-exec-3] o.k.a.i.utils.ServiceDiscoveryImpl       : Discovered kie.conf url=jar:file:/C:/Users/codergaoming/.m2/repository/org/drools/drools-workbench-models-guided-dtable/7.3.0.Final/drools-workbench-models-guided-dtable-7.3.0.Final.jar!/META-INF/kie.conf 
2017-10-31 10:47:28.818  INFO 10336 --- [http-nio-8088-exec-3] o.k.a.i.utils.ServiceDiscoveryImpl       : Adding Service org.drools.workbench.models.guided.dtable.backend.GuidedDecisionTableProviderImpl

2017-10-31 10:47:30.064  INFO 10336 --- [http-nio-8088-exec-3] o.d.c.k.builder.impl.KieRepositoryImpl   : Adding KieModule from resource: null
2017-10-31 10:47:30.748  INFO 10336 --- [http-nio-8088-exec-3] o.d.c.k.builder.impl.KieRepositoryImpl   : KieModule was added: MemoryKieModule[releaseId=com.myteam:gm4:1.0.0]
2017-10-31 10:47:30.792  WARN 10336 --- [http-nio-8088-exec-3] o.a.m.i.embedder.MavenSettings           : Environment variable M2_HOME is not set
2017-10-31 11:24:58.754  INFO 12880 --- [main] com.springboot.Application               : Starting Application on DESKTOP-MD077EE with PID 12880 (C:\Users\codergaoming\workspace\droolslearn\target\classes started by codergaoming in C:\Users\codergaoming\workspace\droolslearn)
2017-10-31 11:24:58.772  INFO 12880 --- [main] com.springboot.Application               : No profiles are active
2017-10-31 11:24:59.265  INFO 12880 --- [main] ationConfigEmbeddedWebApplicationContext : Refreshing org.springframework.boot.context.embedded.AnnotationConfigEmbeddedWebApplicationContext@971d0d8: startup date [Tue Oct 31 11:24:59 CST 2017]; root of context hierarchy
2017-10-31 11:25:00.861  INFO 12880 --- [main] o.s.b.f.s.DefaultListableBeanFactory     : Overriding bean definition for bean 'beanNameViewResolver' with a different definition: replacing [Root bean: class [null]; scope=; abstract=false; lazyInit=false; autowireMode=3; dependencyCheck=0; autowireCandidate=true; primary=false; factoryBeanName=org.springframework.boot.autoconfigure.web.ErrorMvcAutoConfiguration$WhitelabelErrorViewConfiguration; factoryMethodName=beanNameViewResolver; initMethodName=null; destroyMethodName=(inferred); defined in class path resource [org/springframework/boot/autoconfigure/web/ErrorMvcAutoConfiguration$WhitelabelErrorViewConfiguration.class]] with [Root bean: class [null]; scope=; abstract=false; lazyInit=false; autowireMode=3; dependencyCheck=0; autowireCandidate=true; primary=false; factoryBeanName=org.springframework.boot.autoconfigure.web.WebMvcAutoConfiguration$WebMvcAutoConfigurationAdapter; factoryMethodName=beanNameViewResolver; initMethodName=null; destroyMethodName=(inferred); defined in class path resource [org/springframework/boot/autoconfigure/web/WebMvcAutoConfiguration$WebMvcAutoConfigurationAdapter.class]]
2017-10-31 11:25:01.394  INFO 12880 --- [main] f.a.AutowiredAnnotationBeanPostProcessor : JSR-330 'javax.inject.Inject' annotation found and supported for autowiring
2017-10-31 11:25:01.561  INFO 12880 --- [main] trationDelegate$BeanPostProcessorChecker : Bean 'org.springframework.transaction.annotation.ProxyTransactionManagementConfiguration' of type [class org.springframework.transaction.annotation.ProxyTransactionManagementConfiguration$$EnhancerBySpringCGLIB$$9ccb5454] is not eligible for getting processed by all BeanPostProcessors (for example: not eligible for auto-proxying)
2017-10-31 11:25:02.231  INFO 12880 --- [main] s.b.c.e.t.TomcatEmbeddedServletContainer : Tomcat initialized with port(s): 8088 (http)
2017-10-31 11:25:02.245  INFO 12880 --- [main] o.apache.catalina.core.StandardService   : Starting service Tomcat
2017-10-31 11:25:02.247  INFO 12880 --- [main] org.apache.catalina.core.StandardEngine  : Starting Servlet Engine: Apache Tomcat/8.0.28
2017-10-31 11:25:02.404  INFO 12880 --- [localhost-startStop-1] o.a.c.c.C.[Tomcat].[localhost].[/]       : Initializing Spring embedded WebApplicationContext
2017-10-31 11:25:02.405  INFO 12880 --- [localhost-startStop-1] o.s.web.context.ContextLoader            : Root WebApplicationContext: initialization completed in 3143 ms
2017-10-31 11:25:02.916  INFO 12880 --- [localhost-startStop-1] o.s.b.c.e.ServletRegistrationBean        : Mapping servlet: 'dispatcherServlet' to [/]
2017-10-31 11:25:02.923  INFO 12880 --- [localhost-startStop-1] o.s.b.c.embedded.FilterRegistrationBean  : Mapping filter: 'metricFilter' to: [/*]
2017-10-31 11:25:02.923  INFO 12880 --- [localhost-startStop-1] o.s.b.c.embedded.FilterRegistrationBean  : Mapping filter: 'characterEncodingFilter' to: [/*]
2017-10-31 11:25:02.923  INFO 12880 --- [localhost-startStop-1] o.s.b.c.embedded.FilterRegistrationBean  : Mapping filter: 'hiddenHttpMethodFilter' to: [/*]
2017-10-31 11:25:02.924  INFO 12880 --- [localhost-startStop-1] o.s.b.c.embedded.FilterRegistrationBean  : Mapping filter: 'httpPutFormContentFilter' to: [/*]
2017-10-31 11:25:02.924  INFO 12880 --- [localhost-startStop-1] o.s.b.c.embedded.FilterRegistrationBean  : Mapping filter: 'requestContextFilter' to: [/*]
2017-10-31 11:25:02.925  INFO 12880 --- [localhost-startStop-1] o.s.b.c.embedded.FilterRegistrationBean  : Mapping filter: 'webRequestLoggingFilter' to: [/*]
2017-10-31 11:25:02.925  INFO 12880 --- [localhost-startStop-1] o.s.b.c.embedded.FilterRegistrationBean  : Mapping filter: 'applicationContextIdFilter' to: [/*]
2017-10-31 11:25:03.513  INFO 12880 --- [main] s.w.s.m.m.a.RequestMappingHandlerAdapter : Looking for @ControllerAdvice: org.springframework.boot.context.embedded.AnnotationConfigEmbeddedWebApplicationContext@971d0d8: startup date [Tue Oct 31 11:24:59 CST 2017]; root of context hierarchy
2017-10-31 11:25:03.604  INFO 12880 --- [main] s.w.s.m.m.a.RequestMappingHandlerMapping : Mapped "{[/],methods=[GET]}" onto public java.lang.String com.springboot.web.UserinfoController.home()
2017-10-31 11:25:03.605  INFO 12880 --- [main] s.w.s.m.m.a.RequestMappingHandlerMapping : Mapped "{[/getUserinfo],methods=[POST]}" onto java.util.List<com.springboot.entity.Userinfo> com.springboot.web.UserinfoController.getAllUsers() throws java.io.IOException
2017-10-31 11:25:03.608  INFO 12880 --- [main] s.w.s.m.m.a.RequestMappingHandlerMapping : Mapped "{[/error]}" onto public org.springframework.http.ResponseEntity<java.util.Map<java.lang.String, java.lang.Object>> org.springframework.boot.autoconfigure.web.BasicErrorController.error(javax.servlet.http.HttpServletRequest)
2017-10-31 11:25:03.608  INFO 12880 --- [main] s.w.s.m.m.a.RequestMappingHandlerMapping : Mapped "{[/error],produces=[text/html]}" onto public org.springframework.web.servlet.ModelAndView org.springframework.boot.autoconfigure.web.BasicErrorController.errorHtml(javax.servlet.http.HttpServletRequest)
2017-10-31 11:25:03.647  INFO 12880 --- [main] o.s.w.s.handler.SimpleUrlHandlerMapping  : Mapped URL path [/webjars/**] onto handler of type [class org.springframework.web.servlet.resource.ResourceHttpRequestHandler]
2017-10-31 11:25:03.647  INFO 12880 --- [main] o.s.w.s.handler.SimpleUrlHandlerMapping  : Mapped URL path [/**] onto handler of type [class org.springframework.web.servlet.resource.ResourceHttpRequestHandler]
2017-10-31 11:25:03.696  INFO 12880 --- [main] o.s.w.s.handler.SimpleUrlHandlerMapping  : Mapped URL path [/**/favicon.ico] onto handler of type [class org.springframework.web.servlet.resource.ResourceHttpRequestHandler]
2017-10-31 11:25:04.628  INFO 12880 --- [main] o.s.b.a.e.mvc.EndpointHandlerMapping     : Mapped "{[/dump || /dump.json],methods=[GET],produces=[application/json]}" onto public java.lang.Object org.springframework.boot.actuate.endpoint.mvc.EndpointMvcAdapter.invoke()
2017-10-31 11:25:04.629  INFO 12880 --- [main] o.s.b.a.e.mvc.EndpointHandlerMapping     : Mapped "{[/mappings || /mappings.json],methods=[GET],produces=[application/json]}" onto public java.lang.Object org.springframework.boot.actuate.endpoint.mvc.EndpointMvcAdapter.invoke()
2017-10-31 11:25:04.631  INFO 12880 --- [main] o.s.b.a.e.mvc.EndpointHandlerMapping     : Mapped "{[/configprops || /configprops.json],methods=[GET],produces=[application/json]}" onto public java.lang.Object org.springframework.boot.actuate.endpoint.mvc.EndpointMvcAdapter.invoke()
2017-10-31 11:25:04.632  INFO 12880 --- [main] o.s.b.a.e.mvc.EndpointHandlerMapping     : Mapped "{[/health || /health.json],produces=[application/json]}" onto public java.lang.Object org.springframework.boot.actuate.endpoint.mvc.HealthMvcEndpoint.invoke(java.security.Principal)
2017-10-31 11:25:04.634  INFO 12880 --- [main] o.s.b.a.e.mvc.EndpointHandlerMapping     : Mapped "{[/shutdown || /shutdown.json],methods=[POST]}" onto public java.lang.Object org.springframework.boot.actuate.endpoint.mvc.ShutdownMvcEndpoint.invoke()
2017-10-31 11:25:04.635  INFO 12880 --- [main] o.s.b.a.e.mvc.EndpointHandlerMapping     : Mapped "{[/metrics/{name:.*}],methods=[GET],produces=[application/json]}" onto public java.lang.Object org.springframework.boot.actuate.endpoint.mvc.MetricsMvcEndpoint.value(java.lang.String)
2017-10-31 11:25:04.636  INFO 12880 --- [main] o.s.b.a.e.mvc.EndpointHandlerMapping     : Mapped "{[/metrics || /metrics.json],methods=[GET],produces=[application/json]}" onto public java.lang.Object org.springframework.boot.actuate.endpoint.mvc.EndpointMvcAdapter.invoke()
2017-10-31 11:25:04.637  INFO 12880 --- [main] o.s.b.a.e.mvc.EndpointHandlerMapping     : Mapped "{[/logfile || /logfile.json],methods=[GET || HEAD]}" onto public void org.springframework.boot.actuate.endpoint.mvc.LogFileMvcEndpoint.invoke(javax.servlet.http.HttpServletRequest,javax.servlet.http.HttpServletResponse) throws javax.servlet.ServletException,java.io.IOException
2017-10-31 11:25:04.637  INFO 12880 --- [main] o.s.b.a.e.mvc.EndpointHandlerMapping     : Mapped "{[/trace || /trace.json],methods=[GET],produces=[application/json]}" onto public java.lang.Object org.springframework.boot.actuate.endpoint.mvc.EndpointMvcAdapter.invoke()
2017-10-31 11:25:04.638  INFO 12880 --- [main] o.s.b.a.e.mvc.EndpointHandlerMapping     : Mapped "{[/beans || /beans.json],methods=[GET],produces=[application/json]}" onto public java.lang.Object org.springframework.boot.actuate.endpoint.mvc.EndpointMvcAdapter.invoke()
2017-10-31 11:25:04.639  INFO 12880 --- [main] o.s.b.a.e.mvc.EndpointHandlerMapping     : Mapped "{[/env/{name:.*}],methods=[GET],produces=[application/json]}" onto public java.lang.Object org.springframework.boot.actuate.endpoint.mvc.EnvironmentMvcEndpoint.value(java.lang.String)
2017-10-31 11:25:04.640  INFO 12880 --- [main] o.s.b.a.e.mvc.EndpointHandlerMapping     : Mapped "{[/env || /env.json],methods=[GET],produces=[application/json]}" onto public java.lang.Object org.springframework.boot.actuate.endpoint.mvc.EndpointMvcAdapter.invoke()
2017-10-31 11:25:04.640  INFO 12880 --- [main] o.s.b.a.e.mvc.EndpointHandlerMapping     : Mapped "{[/autoconfig || /autoconfig.json],methods=[GET],produces=[application/json]}" onto public java.lang.Object org.springframework.boot.actuate.endpoint.mvc.EndpointMvcAdapter.invoke()
2017-10-31 11:25:04.643  INFO 12880 --- [main] o.s.b.a.e.mvc.EndpointHandlerMapping     : Mapped "{[/info || /info.json],methods=[GET],produces=[application/json]}" onto public java.lang.Object org.springframework.boot.actuate.endpoint.mvc.EndpointMvcAdapter.invoke()
2017-10-31 11:25:04.778  INFO 12880 --- [main] o.s.j.e.a.AnnotationMBeanExporter        : Registering beans for JMX exposure on startup
2017-10-31 11:25:04.793  INFO 12880 --- [main] o.s.c.support.DefaultLifecycleProcessor  : Starting beans in phase 0
2017-10-31 11:25:04.948 ERROR 12880 --- [main] o.a.coyote.http11.Http11NioProtocol      : Failed to start end point associated with ProtocolHandler ["http-nio-8088"]

java.net.BindException: Address already in use: bind
	at sun.nio.ch.Net.bind0(Native Method) ~[na:1.8.0_121]
	at sun.nio.ch.Net.bind(Net.java:433) ~[na:1.8.0_121]
	at sun.nio.ch.Net.bind(Net.java:425) ~[na:1.8.0_121]
	at sun.nio.ch.ServerSocketChannelImpl.bind(ServerSocketChannelImpl.java:223) ~[na:1.8.0_121]
	at sun.nio.ch.ServerSocketAdaptor.bind(ServerSocketAdaptor.java:74) ~[na:1.8.0_121]
	at org.apache.tomcat.util.net.NioEndpoint.bind(NioEndpoint.java:340) ~[tomcat-embed-core-8.0.28.jar:8.0.28]
	at org.apache.tomcat.util.net.AbstractEndpoint.start(AbstractEndpoint.java:765) ~[tomcat-embed-core-8.0.28.jar:8.0.28]
	at org.apache.coyote.AbstractProtocol.start(AbstractProtocol.java:472) ~[tomcat-embed-core-8.0.28.jar:8.0.28]
	at org.apache.catalina.connector.Connector.startInternal(Connector.java:986) [tomcat-embed-core-8.0.28.jar:8.0.28]
	at org.apache.catalina.util.LifecycleBase.start(LifecycleBase.java:150) [tomcat-embed-core-8.0.28.jar:8.0.28]
	at org.apache.catalina.core.StandardService.addConnector(StandardService.java:237) [tomcat-embed-core-8.0.28.jar:8.0.28]
	at org.springframework.boot.context.embedded.tomcat.TomcatEmbeddedServletContainer.addPreviouslyRemovedConnectors(TomcatEmbeddedServletContainer.java:194) [spring-boot-1.3.0.RELEASE.jar:1.3.0.RELEASE]
	at org.springframework.boot.context.embedded.tomcat.TomcatEmbeddedServletContainer.start(TomcatEmbeddedServletContainer.java:151) [spring-boot-1.3.0.RELEASE.jar:1.3.0.RELEASE]
	at org.springframework.boot.context.embedded.EmbeddedWebApplicationContext.startEmbeddedServletContainer(EmbeddedWebApplicationContext.java:290) [spring-boot-1.3.0.RELEASE.jar:1.3.0.RELEASE]
	at org.springframework.boot.context.embedded.EmbeddedWebApplicationContext.finishRefresh(EmbeddedWebApplicationContext.java:141) [spring-boot-1.3.0.RELEASE.jar:1.3.0.RELEASE]
	at org.springframework.context.support.AbstractApplicationContext.refresh(AbstractApplicationContext.java:540) [spring-context-4.2.3.RELEASE.jar:4.2.3.RELEASE]
	at org.springframework.boot.context.embedded.EmbeddedWebApplicationContext.refresh(EmbeddedWebApplicationContext.java:118) [spring-boot-1.3.0.RELEASE.jar:1.3.0.RELEASE]
	at org.springframework.boot.SpringApplication.refresh(SpringApplication.java:752) [spring-boot-1.3.0.RELEASE.jar:1.3.0.RELEASE]
	at org.springframework.boot.SpringApplication.doRun(SpringApplication.java:347) [spring-boot-1.3.0.RELEASE.jar:1.3.0.RELEASE]
	at org.springframework.boot.SpringApplication.run(SpringApplication.java:295) [spring-boot-1.3.0.RELEASE.jar:1.3.0.RELEASE]
	at org.springframework.boot.SpringApplication.run(SpringApplication.java:1112) [spring-boot-1.3.0.RELEASE.jar:1.3.0.RELEASE]
	at org.springframework.boot.SpringApplication.run(SpringApplication.java:1101) [spring-boot-1.3.0.RELEASE.jar:1.3.0.RELEASE]
	at com.springboot.Application.main(Application.java:10) [classes/:na]

2017-10-31 11:25:04.954 ERROR 12880 --- [main] o.apache.catalina.core.StandardService   : Failed to start connector [Connector[HTTP/1.1-8088]]

org.apache.catalina.LifecycleException: Failed to start component [Connector[HTTP/1.1-8088]]
	at org.apache.catalina.util.LifecycleBase.start(LifecycleBase.java:154) ~[tomcat-embed-core-8.0.28.jar:8.0.28]
	at org.apache.catalina.core.StandardService.addConnector(StandardService.java:237) ~[tomcat-embed-core-8.0.28.jar:8.0.28]
	at org.springframework.boot.context.embedded.tomcat.TomcatEmbeddedServletContainer.addPreviouslyRemovedConnectors(TomcatEmbeddedServletContainer.java:194) [spring-boot-1.3.0.RELEASE.jar:1.3.0.RELEASE]
	at org.springframework.boot.context.embedded.tomcat.TomcatEmbeddedServletContainer.start(TomcatEmbeddedServletContainer.java:151) [spring-boot-1.3.0.RELEASE.jar:1.3.0.RELEASE]
	at org.springframework.boot.context.embedded.EmbeddedWebApplicationContext.startEmbeddedServletContainer(EmbeddedWebApplicationContext.java:290) [spring-boot-1.3.0.RELEASE.jar:1.3.0.RELEASE]
	at org.springframework.boot.context.embedded.EmbeddedWebApplicationContext.finishRefresh(EmbeddedWebApplicationContext.java:141) [spring-boot-1.3.0.RELEASE.jar:1.3.0.RELEASE]
	at org.springframework.context.support.AbstractApplicationContext.refresh(AbstractApplicationContext.java:540) [spring-context-4.2.3.RELEASE.jar:4.2.3.RELEASE]
	at org.springframework.boot.context.embedded.EmbeddedWebApplicationContext.refresh(EmbeddedWebApplicationContext.java:118) [spring-boot-1.3.0.RELEASE.jar:1.3.0.RELEASE]
	at org.springframework.boot.SpringApplication.refresh(SpringApplication.java:752) [spring-boot-1.3.0.RELEASE.jar:1.3.0.RELEASE]
	at org.springframework.boot.SpringApplication.doRun(SpringApplication.java:347) [spring-boot-1.3.0.RELEASE.jar:1.3.0.RELEASE]
	at org.springframework.boot.SpringApplication.run(SpringApplication.java:295) [spring-boot-1.3.0.RELEASE.jar:1.3.0.RELEASE]
	at org.springframework.boot.SpringApplication.run(SpringApplication.java:1112) [spring-boot-1.3.0.RELEASE.jar:1.3.0.RELEASE]
	at org.springframework.boot.SpringApplication.run(SpringApplication.java:1101) [spring-boot-1.3.0.RELEASE.jar:1.3.0.RELEASE]
	at com.springboot.Application.main(Application.java:10) [classes/:na]
Caused by: org.apache.catalina.LifecycleException: service.getName(): "Tomcat";  Protocol handler start failed
	at org.apache.catalina.connector.Connector.startInternal(Connector.java:993) ~[tomcat-embed-core-8.0.28.jar:8.0.28]
	at org.apache.catalina.util.LifecycleBase.start(LifecycleBase.java:150) ~[tomcat-embed-core-8.0.28.jar:8.0.28]
	... 13 common frames omitted
Caused by: java.net.BindException: Address already in use: bind
	at sun.nio.ch.Net.bind0(Native Method) ~[na:1.8.0_121]
	at sun.nio.ch.Net.bind(Net.java:433) ~[na:1.8.0_121]
	at sun.nio.ch.Net.bind(Net.java:425) ~[na:1.8.0_121]
	at sun.nio.ch.ServerSocketChannelImpl.bind(ServerSocketChannelImpl.java:223) ~[na:1.8.0_121]
	at sun.nio.ch.ServerSocketAdaptor.bind(ServerSocketAdaptor.java:74) ~[na:1.8.0_121]
	at org.apache.tomcat.util.net.NioEndpoint.bind(NioEndpoint.java:340) ~[tomcat-embed-core-8.0.28.jar:8.0.28]
	at org.apache.tomcat.util.net.AbstractEndpoint.start(AbstractEndpoint.java:765) ~[tomcat-embed-core-8.0.28.jar:8.0.28]
	at org.apache.coyote.AbstractProtocol.start(AbstractProtocol.java:472) ~[tomcat-embed-core-8.0.28.jar:8.0.28]
	at org.apache.catalina.connector.Connector.startInternal(Connector.java:986) ~[tomcat-embed-core-8.0.28.jar:8.0.28]
	... 14 common frames omitted

2017-10-31 11:25:04.964  INFO 12880 --- [main] o.apache.catalina.core.StandardService   : Stopping service Tomcat
2017-10-31 11:25:04.977  WARN 12880 --- [localhost-startStop-1] o.a.c.loader.WebappClassLoaderBase       : The web application [ROOT] appears to have started a thread named [Abandoned connection cleanup thread] but has failed to stop it. This is very likely to create a memory leak. Stack trace of thread:
 java.lang.Object.wait(Native Method)
 java.lang.ref.ReferenceQueue.remove(ReferenceQueue.java:143)
 com.mysql.jdbc.AbandonedConnectionCleanupThread.run(AbandonedConnectionCleanupThread.java:43)
2017-10-31 11:25:05.016  INFO 12880 --- [main] .b.l.ClasspathLoggingApplicationListener : Application failed to start with classpath: [file:/C:/Users/codergaoming/workspace/droolslearn/target/classes/, file:/C:/Users/codergaoming/.m2/repository/org/springframework/boot/spring-boot-starter-web/1.3.0.RELEASE/spring-boot-starter-web-1.3.0.RELEASE.jar, file:/C:/Users/codergaoming/.m2/repository/org/springframework/boot/spring-boot-starter/1.3.0.RELEASE/spring-boot-starter-1.3.0.RELEASE.jar, file:/C:/Users/codergaoming/.m2/repository/org/springframework/boot/spring-boot/1.3.0.RELEASE/spring-boot-1.3.0.RELEASE.jar, file:/C:/Users/codergaoming/.m2/repository/org/springframework/boot/spring-boot-autoconfigure/1.3.0.RELEASE/spring-boot-autoconfigure-1.3.0.RELEASE.jar, file:/C:/Users/codergaoming/.m2/repository/org/springframework/boot/spring-boot-starter-logging/1.3.0.RELEASE/spring-boot-starter-logging-1.3.0.RELEASE.jar, file:/C:/Users/codergaoming/.m2/repository/ch/qos/logback/logback-classic/1.1.3/logback-classic-1.1.3.jar, file:/C:/Users/codergaoming/.m2/repository/ch/qos/logback/logback-core/1.1.3/logback-core-1.1.3.jar, file:/C:/Users/codergaoming/.m2/repository/org/slf4j/jul-to-slf4j/1.7.13/jul-to-slf4j-1.7.13.jar, file:/C:/Users/codergaoming/.m2/repository/org/slf4j/log4j-over-slf4j/1.7.13/log4j-over-slf4j-1.7.13.jar, file:/C:/Users/codergaoming/.m2/repository/org/springframework/spring-core/4.2.3.RELEASE/spring-core-4.2.3.RELEASE.jar, file:/C:/Users/codergaoming/.m2/repository/org/yaml/snakeyaml/1.16/snakeyaml-1.16.jar, file:/C:/Users/codergaoming/.m2/repository/org/springframework/boot/spring-boot-starter-validation/1.3.0.RELEASE/spring-boot-starter-validation-1.3.0.RELEASE.jar, file:/C:/Users/codergaoming/.m2/repository/org/hibernate/hibernate-validator/5.2.2.Final/hibernate-validator-5.2.2.Final.jar, file:/C:/Users/codergaoming/.m2/repository/javax/validation/validation-api/1.1.0.Final/validation-api-1.1.0.Final.jar, file:/C:/Users/codergaoming/.m2/repository/org/jboss/logging/jboss-logging/3.3.0.Final/jboss-logging-3.3.0.Final.jar, file:/C:/Users/codergaoming/.m2/repository/com/fasterxml/classmate/1.1.0/classmate-1.1.0.jar, file:/C:/Users/codergaoming/.m2/repository/com/fasterxml/jackson/core/jackson-databind/2.6.3/jackson-databind-2.6.3.jar, file:/C:/Users/codergaoming/.m2/repository/com/fasterxml/jackson/core/jackson-annotations/2.6.3/jackson-annotations-2.6.3.jar, file:/C:/Users/codergaoming/.m2/repository/com/fasterxml/jackson/core/jackson-core/2.6.3/jackson-core-2.6.3.jar, file:/C:/Users/codergaoming/.m2/repository/org/springframework/spring-web/4.2.3.RELEASE/spring-web-4.2.3.RELEASE.jar, file:/C:/Users/codergaoming/.m2/repository/org/springframework/spring-aop/4.2.3.RELEASE/spring-aop-4.2.3.RELEASE.jar, file:/C:/Users/codergaoming/.m2/repository/org/springframework/spring-beans/4.2.3.RELEASE/spring-beans-4.2.3.RELEASE.jar, file:/C:/Users/codergaoming/.m2/repository/org/springframework/spring-context/4.2.3.RELEASE/spring-context-4.2.3.RELEASE.jar, file:/C:/Users/codergaoming/.m2/repository/org/springframework/spring-webmvc/4.2.3.RELEASE/spring-webmvc-4.2.3.RELEASE.jar, file:/C:/Users/codergaoming/.m2/repository/org/springframework/spring-expression/4.2.3.RELEASE/spring-expression-4.2.3.RELEASE.jar, file:/C:/Users/codergaoming/.m2/repository/org/springframework/boot/spring-boot-starter-tomcat/1.3.0.RELEASE/spring-boot-starter-tomcat-1.3.0.RELEASE.jar, file:/C:/Users/codergaoming/.m2/repository/org/apache/tomcat/embed/tomcat-embed-core/8.0.28/tomcat-embed-core-8.0.28.jar, file:/C:/Users/codergaoming/.m2/repository/org/apache/tomcat/embed/tomcat-embed-el/8.0.28/tomcat-embed-el-8.0.28.jar, file:/C:/Users/codergaoming/.m2/repository/org/apache/tomcat/embed/tomcat-embed-logging-juli/8.0.28/tomcat-embed-logging-juli-8.0.28.jar, file:/C:/Users/codergaoming/.m2/repository/org/apache/tomcat/embed/tomcat-embed-websocket/8.0.28/tomcat-embed-websocket-8.0.28.jar, file:/C:/Users/codergaoming/.m2/repository/org/springframework/boot/spring-boot-starter-actuator/1.3.0.RELEASE/spring-boot-starter-actuator-1.3.0.RELEASE.jar, file:/C:/Users/codergaoming/.m2/repository/org/springframework/boot/spring-boot-actuator/1.3.0.RELEASE/spring-boot-actuator-1.3.0.RELEASE.jar, file:/C:/Users/codergaoming/.m2/repository/org/mybatis/spring/boot/mybatis-spring-boot-starter/1.1.1/mybatis-spring-boot-starter-1.1.1.jar, file:/C:/Users/codergaoming/.m2/repository/org/mybatis/spring/boot/mybatis-spring-boot-autoconfigure/1.1.1/mybatis-spring-boot-autoconfigure-1.1.1.jar, file:/C:/Users/codergaoming/.m2/repository/org/mybatis/mybatis/3.4.0/mybatis-3.4.0.jar, file:/C:/Users/codergaoming/.m2/repository/org/mybatis/mybatis-spring/1.3.0/mybatis-spring-1.3.0.jar, file:/C:/Users/codergaoming/.m2/repository/org/springframework/boot/spring-boot-starter-jdbc/1.3.0.RELEASE/spring-boot-starter-jdbc-1.3.0.RELEASE.jar, file:/C:/Users/codergaoming/.m2/repository/org/apache/tomcat/tomcat-jdbc/8.0.28/tomcat-jdbc-8.0.28.jar, file:/C:/Users/codergaoming/.m2/repository/org/apache/tomcat/tomcat-juli/8.0.28/tomcat-juli-8.0.28.jar, file:/C:/Users/codergaoming/.m2/repository/org/springframework/spring-jdbc/4.2.3.RELEASE/spring-jdbc-4.2.3.RELEASE.jar, file:/C:/Users/codergaoming/.m2/repository/org/springframework/spring-tx/4.2.3.RELEASE/spring-tx-4.2.3.RELEASE.jar, file:/C:/Users/codergaoming/.m2/repository/mysql/mysql-connector-java/5.1.37/mysql-connector-java-5.1.37.jar, file:/C:/Users/codergaoming/.m2/repository/commons-lang/commons-lang/2.6/commons-lang-2.6.jar, file:/C:/Users/codergaoming/.m2/repository/org/kie/kie-api/7.3.0.Final/kie-api-7.3.0.Final.jar, file:/C:/Users/codergaoming/.m2/repository/org/uberfire/uberfire-maven-support/1.3.0.Final/uberfire-maven-support-1.3.0.Final.jar, file:/C:/Users/codergaoming/.m2/repository/org/slf4j/slf4j-api/1.7.13/slf4j-api-1.7.13.jar, file:/C:/Users/codergaoming/.m2/repository/org/drools/drools-core/7.3.0.Final/drools-core-7.3.0.Final.jar, file:/C:/Users/codergaoming/.m2/repository/org/mvel/mvel2/2.3.0.Final/mvel2-2.3.0.Final.jar, file:/C:/Users/codergaoming/.m2/repository/org/kie/kie-internal/7.3.0.Final/kie-internal-7.3.0.Final.jar, file:/C:/Users/codergaoming/.m2/repository/commons-codec/commons-codec/1.10/commons-codec-1.10.jar, file:/C:/Users/codergaoming/.m2/repository/org/drools/drools-compiler/7.3.0.Final/drools-compiler-7.3.0.Final.jar, file:/C:/Users/codergaoming/.m2/repository/org/antlr/antlr-runtime/3.5.2/antlr-runtime-3.5.2.jar, file:/C:/Users/codergaoming/.m2/repository/org/eclipse/jdt/core/compiler/ecj/4.4.2/ecj-4.4.2.jar, file:/C:/Users/codergaoming/.m2/repository/com/thoughtworks/xstream/xstream/1.4.9/xstream-1.4.9.jar, file:/C:/Users/codergaoming/.m2/repository/xmlpull/xmlpull/1.1.3.1/xmlpull-1.1.3.1.jar, file:/C:/Users/codergaoming/.m2/repository/xpp3/xpp3_min/1.1.4c/xpp3_min-1.1.4c.jar, file:/C:/Users/codergaoming/.m2/repository/com/google/protobuf/protobuf-java/2.6.0/protobuf-java-2.6.0.jar, file:/C:/Users/codergaoming/.m2/repository/org/drools/drools-decisiontables/7.3.0.Final/drools-decisiontables-7.3.0.Final.jar, file:/C:/Users/codergaoming/.m2/repository/org/apache/poi/poi-ooxml/3.15/poi-ooxml-3.15.jar, file:/C:/Users/codergaoming/.m2/repository/org/apache/poi/poi-ooxml-schemas/3.15/poi-ooxml-schemas-3.15.jar, file:/C:/Users/codergaoming/.m2/repository/org/apache/xmlbeans/xmlbeans/2.6.0/xmlbeans-2.6.0.jar, file:/C:/Users/codergaoming/.m2/repository/com/github/virtuald/curvesapi/1.04/curvesapi-1.04.jar, file:/C:/Users/codergaoming/.m2/repository/javax/xml/stream/stax-api/1.0-2/stax-api-1.0-2.jar, file:/C:/Users/codergaoming/.m2/repository/org/apache/poi/poi/3.15/poi-3.15.jar, file:/C:/Users/codergaoming/.m2/repository/org/apache/commons/commons-collections4/4.1/commons-collections4-4.1.jar, file:/C:/Users/codergaoming/.m2/repository/org/drools/drools-templates/7.3.0.Final/drools-templates-7.3.0.Final.jar, file:/C:/Users/codergaoming/.m2/repository/org/kie/kie-ci/7.3.0.Final/kie-ci-7.3.0.Final.jar, file:/C:/Users/codergaoming/.m2/repository/org/uberfire/uberfire-maven-integration/1.3.0.Final/uberfire-maven-integration-1.3.0.Final.jar, file:/C:/Users/codergaoming/.m2/repository/org/apache/maven/maven-artifact/3.3.9/maven-artifact-3.3.9.jar, file:/C:/Users/codergaoming/.m2/repository/org/apache/commons/commons-lang3/3.4/commons-lang3-3.4.jar, file:/C:/Users/codergaoming/.m2/repository/org/apache/maven/maven-core/3.3.9/maven-core-3.3.9.jar, file:/C:/Users/codergaoming/.m2/repository/org/apache/maven/maven-repository-metadata/3.3.9/maven-repository-metadata-3.3.9.jar, file:/C:/Users/codergaoming/.m2/repository/org/codehaus/plexus/plexus-interpolation/1.21/plexus-interpolation-1.21.jar, file:/C:/Users/codergaoming/.m2/repository/org/codehaus/plexus/plexus-component-annotations/1.6/plexus-component-annotations-1.6.jar, file:/C:/Users/codergaoming/.m2/repository/org/apache/maven/maven-model/3.3.9/maven-model-3.3.9.jar, file:/C:/Users/codergaoming/.m2/repository/org/apache/maven/maven-model-builder/3.3.9/maven-model-builder-3.3.9.jar, file:/C:/Users/codergaoming/.m2/repository/org/apache/maven/maven-builder-support/3.3.9/maven-builder-support-3.3.9.jar, file:/C:/Users/codergaoming/.m2/repository/com/google/guava/guava/18.0/guava-18.0.jar, file:/C:/Users/codergaoming/.m2/repository/org/apache/maven/maven-plugin-api/3.3.9/maven-plugin-api-3.3.9.jar, file:/C:/Users/codergaoming/.m2/repository/org/apache/maven/maven-settings/3.3.9/maven-settings-3.3.9.jar, file:/C:/Users/codergaoming/.m2/repository/org/apache/maven/maven-settings-builder/3.3.9/maven-settings-builder-3.3.9.jar, file:/C:/Users/codergaoming/.m2/repository/org/apache/maven/maven-compat/3.3.9/maven-compat-3.3.9.jar, file:/C:/Users/codergaoming/.m2/repository/org/apache/maven/maven-aether-provider/3.3.9/maven-aether-provider-3.3.9.jar, file:/C:/Users/codergaoming/.m2/repository/org/apache/maven/wagon/wagon-provider-api/2.10/wagon-provider-api-2.10.jar, file:/C:/Users/codergaoming/.m2/repository/org/sonatype/plexus/plexus-sec-dispatcher/1.3/plexus-sec-dispatcher-1.3.jar, file:/C:/Users/codergaoming/.m2/repository/org/codehaus/plexus/plexus-classworlds/2.5.2/plexus-classworlds-2.5.2.jar, file:/C:/Users/codergaoming/.m2/repository/org/codehaus/plexus/plexus-utils/3.0.22/plexus-utils-3.0.22.jar, file:/C:/Users/codergaoming/.m2/repository/org/eclipse/aether/aether-api/1.0.2.v20150114/aether-api-1.0.2.v20150114.jar, file:/C:/Users/codergaoming/.m2/repository/org/eclipse/aether/aether-util/1.0.2.v20150114/aether-util-1.0.2.v20150114.jar, file:/C:/Users/codergaoming/.m2/repository/org/eclipse/aether/aether-impl/1.0.2.v20150114/aether-impl-1.0.2.v20150114.jar, file:/C:/Users/codergaoming/.m2/repository/org/eclipse/aether/aether-connector-basic/1.0.2.v20150114/aether-connector-basic-1.0.2.v20150114.jar, file:/C:/Users/codergaoming/.m2/repository/org/eclipse/aether/aether-spi/1.0.2.v20150114/aether-spi-1.0.2.v20150114.jar, file:/C:/Users/codergaoming/.m2/repository/org/eclipse/aether/aether-transport-wagon/1.0.2.v20150114/aether-transport-wagon-1.0.2.v20150114.jar, file:/C:/Users/codergaoming/.m2/repository/org/eclipse/aether/aether-transport-file/1.0.2.v20150114/aether-transport-file-1.0.2.v20150114.jar, file:/C:/Users/codergaoming/.m2/repository/org/eclipse/aether/aether-transport-http/1.0.2.v20150114/aether-transport-http-1.0.2.v20150114.jar, file:/C:/Users/codergaoming/.m2/repository/org/apache/httpcomponents/httpclient/4.5.1/httpclient-4.5.1.jar, file:/C:/Users/codergaoming/.m2/repository/org/eclipse/sisu/org.eclipse.sisu.plexus/0.3.2/org.eclipse.sisu.plexus-0.3.2.jar, file:/C:/Users/codergaoming/.m2/repository/javax/enterprise/cdi-api/1.0/cdi-api-1.0.jar, file:/C:/Users/codergaoming/.m2/repository/javax/annotation/jsr250-api/1.0/jsr250-api-1.0.jar, file:/C:/Users/codergaoming/.m2/repository/org/eclipse/sisu/org.eclipse.sisu.inject/0.3.2/org.eclipse.sisu.inject-0.3.2.jar, file:/C:/Users/codergaoming/.m2/repository/org/apache/ant/ant/1.8.4/ant-1.8.4.jar, file:/C:/Users/codergaoming/.m2/repository/org/apache/ant/ant-launcher/1.8.4/ant-launcher-1.8.4.jar, file:/C:/Users/codergaoming/.m2/repository/org/apache/maven/wagon/wagon-http/2.10/wagon-http-2.10.jar, file:/C:/Users/codergaoming/.m2/repository/org/apache/maven/wagon/wagon-http-shared/2.10/wagon-http-shared-2.10.jar, file:/C:/Users/codergaoming/.m2/repository/org/jsoup/jsoup/1.7.2/jsoup-1.7.2.jar, file:/C:/Users/codergaoming/.m2/repository/commons-io/commons-io/2.5/commons-io-2.5.jar, file:/C:/Users/codergaoming/.m2/repository/org/slf4j/jcl-over-slf4j/1.7.13/jcl-over-slf4j-1.7.13.jar, file:/C:/Users/codergaoming/.m2/repository/org/apache/httpcomponents/httpcore/4.4.4/httpcore-4.4.4.jar, file:/C:/Users/codergaoming/.m2/repository/org/sonatype/plexus/plexus-cipher/1.7/plexus-cipher-1.7.jar, file:/C:/Users/codergaoming/.m2/repository/com/google/inject/guice/4.0/guice-4.0-no_aop.jar, file:/C:/Users/codergaoming/.m2/repository/javax/inject/javax.inject/1/javax.inject-1.jar, file:/C:/Users/codergaoming/.m2/repository/aopalliance/aopalliance/1.0/aopalliance-1.0.jar, file:/C:/Users/codergaoming/.m2/repository/org/drools/drools-workbench-models-guided-dtable/7.3.0.Final/drools-workbench-models-guided-dtable-7.3.0.Final.jar, file:/C:/Users/codergaoming/.m2/repository/org/drools/drools-workbench-models-datamodel-api/7.3.0.Final/drools-workbench-models-datamodel-api-7.3.0.Final.jar, file:/C:/Users/codergaoming/.m2/repository/org/drools/drools-workbench-models-commons/7.3.0.Final/drools-workbench-models-commons-7.3.0.Final.jar, file:/C:/Users/codergaoming/.m2/repository/org/springframework/boot/spring-boot-starter-thymeleaf/1.3.0.RELEASE/spring-boot-starter-thymeleaf-1.3.0.RELEASE.jar, file:/C:/Users/codergaoming/.m2/repository/org/thymeleaf/thymeleaf-spring4/2.1.4.RELEASE/thymeleaf-spring4-2.1.4.RELEASE.jar, file:/C:/Users/codergaoming/.m2/repository/org/thymeleaf/thymeleaf/2.1.4.RELEASE/thymeleaf-2.1.4.RELEASE.jar, file:/C:/Users/codergaoming/.m2/repository/ognl/ognl/3.0.8/ognl-3.0.8.jar, file:/C:/Users/codergaoming/.m2/repository/org/javassist/javassist/3.18.1-GA/javassist-3.18.1-GA.jar, file:/C:/Users/codergaoming/.m2/repository/org/unbescape/unbescape/1.1.0.RELEASE/unbescape-1.1.0.RELEASE.jar, file:/C:/Users/codergaoming/.m2/repository/nz/net/ultraq/thymeleaf/thymeleaf-layout-dialect/1.3.1/thymeleaf-layout-dialect-1.3.1.jar, file:/C:/Users/codergaoming/.m2/repository/org/codehaus/groovy/groovy/2.4.4/groovy-2.4.4.jar, file:/C:/Users/codergaoming/.m2/repository/log4j/log4j/1.2.9/log4j-1.2.9.jar, file:/C:/Users/codergaoming/.m2/repository/redis/clients/jedis/2.1.0/jedis-2.1.0.jar, file:/C:/Users/codergaoming/.m2/repository/commons-pool/commons-pool/1.6/commons-pool-1.6.jar]
2017-10-31 11:25:05.030 ERROR 12880 --- [main] o.s.boot.SpringApplication               : Application startup failed

org.springframework.boot.context.embedded.EmbeddedServletContainerException: Unable to start embedded Tomcat servlet container
	at org.springframework.boot.context.embedded.tomcat.TomcatEmbeddedServletContainer.start(TomcatEmbeddedServletContainer.java:165) ~[spring-boot-1.3.0.RELEASE.jar:1.3.0.RELEASE]
	at org.springframework.boot.context.embedded.EmbeddedWebApplicationContext.startEmbeddedServletContainer(EmbeddedWebApplicationContext.java:290) ~[spring-boot-1.3.0.RELEASE.jar:1.3.0.RELEASE]
	at org.springframework.boot.context.embedded.EmbeddedWebApplicationContext.finishRefresh(EmbeddedWebApplicationContext.java:141) ~[spring-boot-1.3.0.RELEASE.jar:1.3.0.RELEASE]
	at org.springframework.context.support.AbstractApplicationContext.refresh(AbstractApplicationContext.java:540) ~[spring-context-4.2.3.RELEASE.jar:4.2.3.RELEASE]
	at org.springframework.boot.context.embedded.EmbeddedWebApplicationContext.refresh(EmbeddedWebApplicationContext.java:118) ~[spring-boot-1.3.0.RELEASE.jar:1.3.0.RELEASE]
	at org.springframework.boot.SpringApplication.refresh(SpringApplication.java:752) [spring-boot-1.3.0.RELEASE.jar:1.3.0.RELEASE]
	at org.springframework.boot.SpringApplication.doRun(SpringApplication.java:347) [spring-boot-1.3.0.RELEASE.jar:1.3.0.RELEASE]
	at org.springframework.boot.SpringApplication.run(SpringApplication.java:295) [spring-boot-1.3.0.RELEASE.jar:1.3.0.RELEASE]
	at org.springframework.boot.SpringApplication.run(SpringApplication.java:1112) [spring-boot-1.3.0.RELEASE.jar:1.3.0.RELEASE]
	at org.springframework.boot.SpringApplication.run(SpringApplication.java:1101) [spring-boot-1.3.0.RELEASE.jar:1.3.0.RELEASE]
	at com.springboot.Application.main(Application.java:10) [classes/:na]
Caused by: java.lang.IllegalStateException: Tomcat connector in failed state
	at org.springframework.boot.context.embedded.tomcat.TomcatEmbeddedServletContainer.start(TomcatEmbeddedServletContainer.java:159) ~[spring-boot-1.3.0.RELEASE.jar:1.3.0.RELEASE]
	... 10 common frames omitted

2017-10-31 11:25:29.794  INFO 6808 --- [main] com.springboot.Application               : Starting Application on DESKTOP-MD077EE with PID 6808 (C:\Users\codergaoming\workspace\droolslearn\target\classes started by codergaoming in C:\Users\codergaoming\workspace\droolslearn)
2017-10-31 11:25:29.797  INFO 6808 --- [main] com.springboot.Application               : No profiles are active
2017-10-31 11:25:30.131  INFO 6808 --- [main] ationConfigEmbeddedWebApplicationContext : Refreshing org.springframework.boot.context.embedded.AnnotationConfigEmbeddedWebApplicationContext@971d0d8: startup date [Tue Oct 31 11:25:30 CST 2017]; root of context hierarchy
2017-10-31 11:25:31.420  INFO 6808 --- [main] o.s.b.f.s.DefaultListableBeanFactory     : Overriding bean definition for bean 'beanNameViewResolver' with a different definition: replacing [Root bean: class [null]; scope=; abstract=false; lazyInit=false; autowireMode=3; dependencyCheck=0; autowireCandidate=true; primary=false; factoryBeanName=org.springframework.boot.autoconfigure.web.ErrorMvcAutoConfiguration$WhitelabelErrorViewConfiguration; factoryMethodName=beanNameViewResolver; initMethodName=null; destroyMethodName=(inferred); defined in class path resource [org/springframework/boot/autoconfigure/web/ErrorMvcAutoConfiguration$WhitelabelErrorViewConfiguration.class]] with [Root bean: class [null]; scope=; abstract=false; lazyInit=false; autowireMode=3; dependencyCheck=0; autowireCandidate=true; primary=false; factoryBeanName=org.springframework.boot.autoconfigure.web.WebMvcAutoConfiguration$WebMvcAutoConfigurationAdapter; factoryMethodName=beanNameViewResolver; initMethodName=null; destroyMethodName=(inferred); defined in class path resource [org/springframework/boot/autoconfigure/web/WebMvcAutoConfiguration$WebMvcAutoConfigurationAdapter.class]]
2017-10-31 11:25:31.846  INFO 6808 --- [main] f.a.AutowiredAnnotationBeanPostProcessor : JSR-330 'javax.inject.Inject' annotation found and supported for autowiring
2017-10-31 11:25:32.019  INFO 6808 --- [main] trationDelegate$BeanPostProcessorChecker : Bean 'org.springframework.transaction.annotation.ProxyTransactionManagementConfiguration' of type [class org.springframework.transaction.annotation.ProxyTransactionManagementConfiguration$$EnhancerBySpringCGLIB$$9ccb5454] is not eligible for getting processed by all BeanPostProcessors (for example: not eligible for auto-proxying)
2017-10-31 11:25:32.619  INFO 6808 --- [main] s.b.c.e.t.TomcatEmbeddedServletContainer : Tomcat initialized with port(s): 8088 (http)
2017-10-31 11:25:32.633  INFO 6808 --- [main] o.apache.catalina.core.StandardService   : Starting service Tomcat
2017-10-31 11:25:32.634  INFO 6808 --- [main] org.apache.catalina.core.StandardEngine  : Starting Servlet Engine: Apache Tomcat/8.0.28
2017-10-31 11:25:32.777  INFO 6808 --- [localhost-startStop-1] o.a.c.c.C.[Tomcat].[localhost].[/]       : Initializing Spring embedded WebApplicationContext
2017-10-31 11:25:32.778  INFO 6808 --- [localhost-startStop-1] o.s.web.context.ContextLoader            : Root WebApplicationContext: initialization completed in 2649 ms
2017-10-31 11:25:33.301  INFO 6808 --- [localhost-startStop-1] o.s.b.c.e.ServletRegistrationBean        : Mapping servlet: 'dispatcherServlet' to [/]
2017-10-31 11:25:33.306  INFO 6808 --- [localhost-startStop-1] o.s.b.c.embedded.FilterRegistrationBean  : Mapping filter: 'metricFilter' to: [/*]
2017-10-31 11:25:33.307  INFO 6808 --- [localhost-startStop-1] o.s.b.c.embedded.FilterRegistrationBean  : Mapping filter: 'characterEncodingFilter' to: [/*]
2017-10-31 11:25:33.307  INFO 6808 --- [localhost-startStop-1] o.s.b.c.embedded.FilterRegistrationBean  : Mapping filter: 'hiddenHttpMethodFilter' to: [/*]
2017-10-31 11:25:33.307  INFO 6808 --- [localhost-startStop-1] o.s.b.c.embedded.FilterRegistrationBean  : Mapping filter: 'httpPutFormContentFilter' to: [/*]
2017-10-31 11:25:33.308  INFO 6808 --- [localhost-startStop-1] o.s.b.c.embedded.FilterRegistrationBean  : Mapping filter: 'requestContextFilter' to: [/*]
2017-10-31 11:25:33.308  INFO 6808 --- [localhost-startStop-1] o.s.b.c.embedded.FilterRegistrationBean  : Mapping filter: 'webRequestLoggingFilter' to: [/*]
2017-10-31 11:25:33.308  INFO 6808 --- [localhost-startStop-1] o.s.b.c.embedded.FilterRegistrationBean  : Mapping filter: 'applicationContextIdFilter' to: [/*]
2017-10-31 11:25:33.863  INFO 6808 --- [main] s.w.s.m.m.a.RequestMappingHandlerAdapter : Looking for @ControllerAdvice: org.springframework.boot.context.embedded.AnnotationConfigEmbeddedWebApplicationContext@971d0d8: startup date [Tue Oct 31 11:25:30 CST 2017]; root of context hierarchy
2017-10-31 11:25:33.948  INFO 6808 --- [main] s.w.s.m.m.a.RequestMappingHandlerMapping : Mapped "{[/],methods=[GET]}" onto public java.lang.String com.springboot.web.UserinfoController.home()
2017-10-31 11:25:33.949  INFO 6808 --- [main] s.w.s.m.m.a.RequestMappingHandlerMapping : Mapped "{[/getUserinfo],methods=[POST]}" onto java.util.List<com.springboot.entity.Userinfo> com.springboot.web.UserinfoController.getAllUsers() throws java.io.IOException
2017-10-31 11:25:33.952  INFO 6808 --- [main] s.w.s.m.m.a.RequestMappingHandlerMapping : Mapped "{[/error]}" onto public org.springframework.http.ResponseEntity<java.util.Map<java.lang.String, java.lang.Object>> org.springframework.boot.autoconfigure.web.BasicErrorController.error(javax.servlet.http.HttpServletRequest)
2017-10-31 11:25:33.952  INFO 6808 --- [main] s.w.s.m.m.a.RequestMappingHandlerMapping : Mapped "{[/error],produces=[text/html]}" onto public org.springframework.web.servlet.ModelAndView org.springframework.boot.autoconfigure.web.BasicErrorController.errorHtml(javax.servlet.http.HttpServletRequest)
2017-10-31 11:25:34.001  INFO 6808 --- [main] o.s.w.s.handler.SimpleUrlHandlerMapping  : Mapped URL path [/webjars/**] onto handler of type [class org.springframework.web.servlet.resource.ResourceHttpRequestHandler]
2017-10-31 11:25:34.002  INFO 6808 --- [main] o.s.w.s.handler.SimpleUrlHandlerMapping  : Mapped URL path [/**] onto handler of type [class org.springframework.web.servlet.resource.ResourceHttpRequestHandler]
2017-10-31 11:25:34.045  INFO 6808 --- [main] o.s.w.s.handler.SimpleUrlHandlerMapping  : Mapped URL path [/**/favicon.ico] onto handler of type [class org.springframework.web.servlet.resource.ResourceHttpRequestHandler]
2017-10-31 11:25:34.919  INFO 6808 --- [main] o.s.b.a.e.mvc.EndpointHandlerMapping     : Mapped "{[/autoconfig || /autoconfig.json],methods=[GET],produces=[application/json]}" onto public java.lang.Object org.springframework.boot.actuate.endpoint.mvc.EndpointMvcAdapter.invoke()
2017-10-31 11:25:34.922  INFO 6808 --- [main] o.s.b.a.e.mvc.EndpointHandlerMapping     : Mapped "{[/beans || /beans.json],methods=[GET],produces=[application/json]}" onto public java.lang.Object org.springframework.boot.actuate.endpoint.mvc.EndpointMvcAdapter.invoke()
2017-10-31 11:25:34.923  INFO 6808 --- [main] o.s.b.a.e.mvc.EndpointHandlerMapping     : Mapped "{[/metrics/{name:.*}],methods=[GET],produces=[application/json]}" onto public java.lang.Object org.springframework.boot.actuate.endpoint.mvc.MetricsMvcEndpoint.value(java.lang.String)
2017-10-31 11:25:34.925  INFO 6808 --- [main] o.s.b.a.e.mvc.EndpointHandlerMapping     : Mapped "{[/metrics || /metrics.json],methods=[GET],produces=[application/json]}" onto public java.lang.Object org.springframework.boot.actuate.endpoint.mvc.EndpointMvcAdapter.invoke()
2017-10-31 11:25:34.928  INFO 6808 --- [main] o.s.b.a.e.mvc.EndpointHandlerMapping     : Mapped "{[/env/{name:.*}],methods=[GET],produces=[application/json]}" onto public java.lang.Object org.springframework.boot.actuate.endpoint.mvc.EnvironmentMvcEndpoint.value(java.lang.String)
2017-10-31 11:25:34.928  INFO 6808 --- [main] o.s.b.a.e.mvc.EndpointHandlerMapping     : Mapped "{[/env || /env.json],methods=[GET],produces=[application/json]}" onto public java.lang.Object org.springframework.boot.actuate.endpoint.mvc.EndpointMvcAdapter.invoke()
2017-10-31 11:25:34.929  INFO 6808 --- [main] o.s.b.a.e.mvc.EndpointHandlerMapping     : Mapped "{[/mappings || /mappings.json],methods=[GET],produces=[application/json]}" onto public java.lang.Object org.springframework.boot.actuate.endpoint.mvc.EndpointMvcAdapter.invoke()
2017-10-31 11:25:34.930  INFO 6808 --- [main] o.s.b.a.e.mvc.EndpointHandlerMapping     : Mapped "{[/shutdown || /shutdown.json],methods=[POST]}" onto public java.lang.Object org.springframework.boot.actuate.endpoint.mvc.ShutdownMvcEndpoint.invoke()
2017-10-31 11:25:34.931  INFO 6808 --- [main] o.s.b.a.e.mvc.EndpointHandlerMapping     : Mapped "{[/logfile || /logfile.json],methods=[GET || HEAD]}" onto public void org.springframework.boot.actuate.endpoint.mvc.LogFileMvcEndpoint.invoke(javax.servlet.http.HttpServletRequest,javax.servlet.http.HttpServletResponse) throws javax.servlet.ServletException,java.io.IOException
2017-10-31 11:25:34.932  INFO 6808 --- [main] o.s.b.a.e.mvc.EndpointHandlerMapping     : Mapped "{[/dump || /dump.json],methods=[GET],produces=[application/json]}" onto public java.lang.Object org.springframework.boot.actuate.endpoint.mvc.EndpointMvcAdapter.invoke()
2017-10-31 11:25:34.933  INFO 6808 --- [main] o.s.b.a.e.mvc.EndpointHandlerMapping     : Mapped "{[/info || /info.json],methods=[GET],produces=[application/json]}" onto public java.lang.Object org.springframework.boot.actuate.endpoint.mvc.EndpointMvcAdapter.invoke()
2017-10-31 11:25:34.934  INFO 6808 --- [main] o.s.b.a.e.mvc.EndpointHandlerMapping     : Mapped "{[/health || /health.json],produces=[application/json]}" onto public java.lang.Object org.springframework.boot.actuate.endpoint.mvc.HealthMvcEndpoint.invoke(java.security.Principal)
2017-10-31 11:25:34.935  INFO 6808 --- [main] o.s.b.a.e.mvc.EndpointHandlerMapping     : Mapped "{[/configprops || /configprops.json],methods=[GET],produces=[application/json]}" onto public java.lang.Object org.springframework.boot.actuate.endpoint.mvc.EndpointMvcAdapter.invoke()
2017-10-31 11:25:34.940  INFO 6808 --- [main] o.s.b.a.e.mvc.EndpointHandlerMapping     : Mapped "{[/trace || /trace.json],methods=[GET],produces=[application/json]}" onto public java.lang.Object org.springframework.boot.actuate.endpoint.mvc.EndpointMvcAdapter.invoke()
2017-10-31 11:25:35.091  INFO 6808 --- [main] o.s.j.e.a.AnnotationMBeanExporter        : Registering beans for JMX exposure on startup
2017-10-31 11:25:35.112  INFO 6808 --- [main] o.s.c.support.DefaultLifecycleProcessor  : Starting beans in phase 0
2017-10-31 11:25:35.274  INFO 6808 --- [main] s.b.c.e.t.TomcatEmbeddedServletContainer : Tomcat started on port(s): 8088 (http)
2017-10-31 11:25:35.280  INFO 6808 --- [main] com.springboot.Application               : Started Application in 5.796 seconds (JVM running for 6.314)
2017-10-31 11:25:40.663  INFO 6808 --- [http-nio-8088-exec-1] o.a.c.c.C.[Tomcat].[localhost].[/]       : Initializing Spring FrameworkServlet 'dispatcherServlet'
2017-10-31 11:25:40.664  INFO 6808 --- [http-nio-8088-exec-1] o.s.web.servlet.DispatcherServlet        : FrameworkServlet 'dispatcherServlet': initialization started
2017-10-31 11:25:40.692  INFO 6808 --- [http-nio-8088-exec-1] o.s.web.servlet.DispatcherServlet        : FrameworkServlet 'dispatcherServlet': initialization completed in 28 ms
2017-10-31 11:25:46.178  INFO 6808 --- [http-nio-8088-exec-7] o.k.a.i.utils.ServiceDiscoveryImpl       : Loading kie.conf from  
2017-10-31 11:25:46.181  INFO 6808 --- [http-nio-8088-exec-7] o.k.a.i.utils.ServiceDiscoveryImpl       : Discovered kie.conf url=jar:file:/C:/Users/codergaoming/.m2/repository/org/drools/drools-core/7.3.0.Final/drools-core-7.3.0.Final.jar!/META-INF/kie.conf 
2017-10-31 11:25:46.186  INFO 6808 --- [http-nio-8088-exec-7] o.k.a.i.utils.ServiceDiscoveryImpl       : Adding Service org.drools.core.io.impl.ResourceFactoryServiceImpl

2017-10-31 11:25:46.190  INFO 6808 --- [http-nio-8088-exec-7] o.k.a.i.utils.ServiceDiscoveryImpl       : Adding Service org.drools.core.marshalling.impl.MarshallerProviderImpl

2017-10-31 11:25:46.193  INFO 6808 --- [http-nio-8088-exec-7] o.k.a.i.utils.ServiceDiscoveryImpl       : Adding Service org.drools.core.concurrent.ExecutorProviderImpl

2017-10-31 11:25:46.194  INFO 6808 --- [http-nio-8088-exec-7] o.k.a.i.utils.ServiceDiscoveryImpl       : Loading kie.conf from  
2017-10-31 11:25:46.195  INFO 6808 --- [http-nio-8088-exec-7] o.k.a.i.utils.ServiceDiscoveryImpl       : Discovered kie.conf url=jar:file:/C:/Users/codergaoming/.m2/repository/org/kie/kie-internal/7.3.0.Final/kie-internal-7.3.0.Final.jar!/META-INF/kie.conf 
2017-10-31 11:25:46.202  INFO 6808 --- [http-nio-8088-exec-7] o.k.a.i.utils.ServiceDiscoveryImpl       : Adding Service org.kie.internal.services.KieWeaversImpl

2017-10-31 11:25:46.206  INFO 6808 --- [http-nio-8088-exec-7] o.k.a.i.utils.ServiceDiscoveryImpl       : Adding Service org.kie.internal.services.KieBeliefsImpl

2017-10-31 11:25:46.208  INFO 6808 --- [http-nio-8088-exec-7] o.k.a.i.utils.ServiceDiscoveryImpl       : Adding Service org.kie.internal.services.KieAssemblersImpl

2017-10-31 11:25:46.209  INFO 6808 --- [http-nio-8088-exec-7] o.k.a.i.utils.ServiceDiscoveryImpl       : Adding Service org.kie.internal.services.KieRuntimesImpl

2017-10-31 11:25:46.210  INFO 6808 --- [http-nio-8088-exec-7] o.k.a.i.utils.ServiceDiscoveryImpl       : Loading kie.conf from  
2017-10-31 11:25:46.211  INFO 6808 --- [http-nio-8088-exec-7] o.k.a.i.utils.ServiceDiscoveryImpl       : Discovered kie.conf url=jar:file:/C:/Users/codergaoming/.m2/repository/org/drools/drools-compiler/7.3.0.Final/drools-compiler-7.3.0.Final.jar!/META-INF/kie.conf 
2017-10-31 11:25:46.224  INFO 6808 --- [http-nio-8088-exec-7] o.k.a.i.utils.ServiceDiscoveryImpl       : Adding Service org.drools.compiler.kie.builder.impl.KieServicesImpl

2017-10-31 11:25:46.228  INFO 6808 --- [http-nio-8088-exec-7] o.k.a.i.utils.ServiceDiscoveryImpl       : Adding Service org.drools.compiler.builder.impl.KnowledgeBuilderFactoryServiceImpl

2017-10-31 11:25:46.228  INFO 6808 --- [http-nio-8088-exec-7] o.k.a.i.utils.ServiceDiscoveryImpl       : Loading kie.conf from  
2017-10-31 11:25:46.230  INFO 6808 --- [http-nio-8088-exec-7] o.k.a.i.utils.ServiceDiscoveryImpl       : Discovered kie.conf url=jar:file:/C:/Users/codergaoming/.m2/repository/org/drools/drools-decisiontables/7.3.0.Final/drools-decisiontables-7.3.0.Final.jar!/META-INF/kie.conf 
2017-10-31 11:25:46.232  INFO 6808 --- [http-nio-8088-exec-7] o.k.a.i.utils.ServiceDiscoveryImpl       : Adding Service org.drools.decisiontable.DecisionTableProviderImpl

2017-10-31 11:25:46.232  INFO 6808 --- [http-nio-8088-exec-7] o.k.a.i.utils.ServiceDiscoveryImpl       : Loading kie.conf from  
2017-10-31 11:25:46.233  INFO 6808 --- [http-nio-8088-exec-7] o.k.a.i.utils.ServiceDiscoveryImpl       : Discovered kie.conf url=jar:file:/C:/Users/codergaoming/.m2/repository/org/kie/kie-ci/7.3.0.Final/kie-ci-7.3.0.Final.jar!/META-INF/kie.conf 
2017-10-31 11:25:46.236  INFO 6808 --- [http-nio-8088-exec-7] o.k.a.i.utils.ServiceDiscoveryImpl       : Adding Service org.kie.scanner.KieScannerFactoryServiceImpl

2017-10-31 11:25:46.240  INFO 6808 --- [http-nio-8088-exec-7] o.k.a.i.utils.ServiceDiscoveryImpl       : Adding Service org.kie.scanner.MavenClassLoaderResolver

2017-10-31 11:25:46.240  INFO 6808 --- [http-nio-8088-exec-7] o.k.a.i.utils.ServiceDiscoveryImpl       : Loading kie.conf from  
2017-10-31 11:25:46.241  INFO 6808 --- [http-nio-8088-exec-7] o.k.a.i.utils.ServiceDiscoveryImpl       : Discovered kie.conf url=jar:file:/C:/Users/codergaoming/.m2/repository/org/drools/drools-workbench-models-guided-dtable/7.3.0.Final/drools-workbench-models-guided-dtable-7.3.0.Final.jar!/META-INF/kie.conf 
2017-10-31 11:25:46.244  INFO 6808 --- [http-nio-8088-exec-7] o.k.a.i.utils.ServiceDiscoveryImpl       : Adding Service org.drools.workbench.models.guided.dtable.backend.GuidedDecisionTableProviderImpl

2017-10-31 11:25:50.394  INFO 6808 --- [http-nio-8088-exec-7] o.d.c.k.builder.impl.KieRepositoryImpl   : Adding KieModule from resource: null
2017-10-31 11:25:50.826  INFO 6808 --- [http-nio-8088-exec-7] o.d.c.k.builder.impl.KieRepositoryImpl   : KieModule was added: MemoryKieModule[releaseId=com.myteam:gm4:1.0.0]
2017-10-31 11:25:50.854  WARN 6808 --- [http-nio-8088-exec-7] o.a.m.i.embedder.MavenSettings           : Environment variable M2_HOME is not set
